{"contracts/interfaces/IAuthor.sol":{"l":{},"path":"/home/zhangk/Documents/github/cpchain-dapps-like/contracts/interfaces/IAuthor.sol","s":{},"b":{},"f":{},"fnMap":{},"statementMap":{},"branchMap":{}},"contracts/interfaces/ILike.sol":{"l":{},"path":"/home/zhangk/Documents/github/cpchain-dapps-like/contracts/interfaces/ILike.sol","s":{},"b":{},"f":{},"fnMap":{},"statementMap":{},"branchMap":{}},"contracts/interfaces/IReader.sol":{"l":{},"path":"/home/zhangk/Documents/github/cpchain-dapps-like/contracts/interfaces/IReader.sol","s":{},"b":{},"f":{},"fnMap":{},"statementMap":{},"branchMap":{}},"contracts/Like.sol":{"l":{"31":4,"32":2,"36":30,"37":22,"41":4,"42":2,"43":2,"47":1,"51":1,"55":6,"56":4,"57":4,"70":24,"71":24,"72":1,"74":23,"78":2,"79":2,"80":2,"84":1,"85":1,"89":1,"90":1,"99":14,"100":12,"101":12,"102":12,"103":10,"104":10,"107":12,"108":9,"109":9,"112":12,"116":8,"117":8,"119":8,"120":6,"121":6,"122":6},"path":"/home/zhangk/Documents/github/cpchain-dapps-like/contracts/Like.sol","s":{"1":4,"2":30,"3":4,"4":2,"5":2,"6":1,"7":1,"8":6,"9":4,"10":4,"11":24,"12":24,"13":1,"14":23,"15":2,"16":2,"17":2,"18":1,"19":1,"20":1,"21":1,"22":14,"23":12,"24":12,"25":12,"26":10,"27":12,"28":9,"29":9,"30":12,"31":8,"32":8,"33":8,"34":6,"35":6},"b":{"1":[2,2],"2":[22,8],"3":[2,2],"4":[4,2],"5":[1,23],"6":[12,2],"7":[10,2],"8":[9,3],"9":[6,2]},"f":{"1":4,"2":30,"3":4,"4":1,"5":1,"6":6,"7":24,"8":2,"9":1,"10":1,"11":14,"12":8},"fnMap":{"1":{"name":"onlyAuthor","line":30,"loc":{"start":{"line":30,"column":4},"end":{"line":33,"column":4}}},"2":{"name":"onlyActivated","line":35,"loc":{"start":{"line":35,"column":4},"end":{"line":38,"column":4}}},"3":{"name":"setMaxDonationLimit","line":40,"loc":{"start":{"line":40,"column":4},"end":{"line":44,"column":4}}},"4":{"name":"disableLinkByAdmin","line":46,"loc":{"start":{"line":46,"column":4},"end":{"line":48,"column":4}}},"5":{"name":"enableLinkByAdmin","line":50,"loc":{"start":{"line":50,"column":4},"end":{"line":52,"column":4}}},"6":{"name":"registerLink","line":54,"loc":{"start":{"line":54,"column":4},"end":{"line":58,"column":4}}},"7":{"name":"getOwnerFromUrl","line":63,"loc":{"start":{"line":60,"column":4},"end":{"line":75,"column":4}}},"8":{"name":"isLiked","line":77,"loc":{"start":{"line":77,"column":4},"end":{"line":81,"column":4}}},"9":{"name":"unregisterLink","line":83,"loc":{"start":{"line":83,"column":4},"end":{"line":86,"column":4}}},"10":{"name":"recoverLink","line":88,"loc":{"start":{"line":88,"column":4},"end":{"line":91,"column":4}}},"11":{"name":"likeLink","line":97,"loc":{"start":{"line":93,"column":4},"end":{"line":113,"column":4}}},"12":{"name":"dislike","line":115,"loc":{"start":{"line":115,"column":4},"end":{"line":123,"column":4}}}},"statementMap":{"1":{"start":{"line":31,"column":8},"end":{"line":31,"column":53}},"2":{"start":{"line":36,"column":8},"end":{"line":36,"column":70}},"3":{"start":{"line":41,"column":8},"end":{"line":41,"column":32}},"4":{"start":{"line":42,"column":8},"end":{"line":42,"column":31}},"5":{"start":{"line":43,"column":8},"end":{"line":43,"column":39}},"6":{"start":{"line":47,"column":8},"end":{"line":47,"column":38}},"7":{"start":{"line":51,"column":8},"end":{"line":51,"column":39}},"8":{"start":{"line":55,"column":8},"end":{"line":55,"column":53}},"9":{"start":{"line":56,"column":8},"end":{"line":56,"column":43}},"10":{"start":{"line":57,"column":8},"end":{"line":57,"column":45}},"11":{"start":{"line":70,"column":8},"end":{"line":70,"column":44}},"12":{"start":{"line":71,"column":8},"end":{"line":71,"column":2024}},"13":{"start":{"line":72,"column":12},"end":{"line":72,"column":37}},"14":{"start":{"line":74,"column":8},"end":{"line":74,"column":65}},"15":{"start":{"line":78,"column":8},"end":{"line":78,"column":44}},"16":{"start":{"line":79,"column":8},"end":{"line":79,"column":46}},"17":{"start":{"line":80,"column":8},"end":{"line":80,"column":22}},"18":{"start":{"line":84,"column":8},"end":{"line":84,"column":38}},"19":{"start":{"line":85,"column":8},"end":{"line":85,"column":40}},"20":{"start":{"line":89,"column":8},"end":{"line":89,"column":39}},"21":{"start":{"line":90,"column":8},"end":{"line":90,"column":41}},"22":{"start":{"line":99,"column":8},"end":{"line":99,"column":45}},"23":{"start":{"line":100,"column":8},"end":{"line":100,"column":44}},"24":{"start":{"line":101,"column":8},"end":{"line":101,"column":50}},"25":{"start":{"line":102,"column":8},"end":{"line":102,"column":2983}},"26":{"start":{"line":104,"column":12},"end":{"line":104,"column":47}},"27":{"start":{"line":107,"column":8},"end":{"line":107,"column":3096}},"28":{"start":{"line":108,"column":12},"end":{"line":108,"column":42}},"29":{"start":{"line":109,"column":12},"end":{"line":109,"column":43}},"30":{"start":{"line":112,"column":8},"end":{"line":112,"column":49}},"31":{"start":{"line":116,"column":8},"end":{"line":116,"column":44}},"32":{"start":{"line":117,"column":8},"end":{"line":117,"column":50}},"33":{"start":{"line":119,"column":8},"end":{"line":119,"column":21}},"34":{"start":{"line":121,"column":8},"end":{"line":121,"column":44}},"35":{"start":{"line":122,"column":8},"end":{"line":122,"column":37}}},"branchMap":{"1":{"line":31,"type":"if","locations":[{"start":{"line":31,"column":8},"end":{"line":31,"column":8}},{"start":{"line":31,"column":8},"end":{"line":31,"column":8}}]},"2":{"line":36,"type":"if","locations":[{"start":{"line":36,"column":8},"end":{"line":36,"column":8}},{"start":{"line":36,"column":8},"end":{"line":36,"column":8}}]},"3":{"line":41,"type":"if","locations":[{"start":{"line":41,"column":8},"end":{"line":41,"column":8}},{"start":{"line":41,"column":8},"end":{"line":41,"column":8}}]},"4":{"line":55,"type":"if","locations":[{"start":{"line":55,"column":8},"end":{"line":55,"column":8}},{"start":{"line":55,"column":8},"end":{"line":55,"column":8}}]},"5":{"line":71,"type":"if","locations":[{"start":{"line":71,"column":8},"end":{"line":71,"column":8}},{"start":{"line":71,"column":8},"end":{"line":71,"column":8}}]},"6":{"line":99,"type":"if","locations":[{"start":{"line":99,"column":8},"end":{"line":99,"column":8}},{"start":{"line":99,"column":8},"end":{"line":99,"column":8}}]},"7":{"line":102,"type":"if","locations":[{"start":{"line":102,"column":8},"end":{"line":102,"column":8}},{"start":{"line":102,"column":8},"end":{"line":102,"column":8}}]},"8":{"line":107,"type":"if","locations":[{"start":{"line":107,"column":8},"end":{"line":107,"column":8}},{"start":{"line":107,"column":8},"end":{"line":107,"column":8}}]},"9":{"line":119,"type":"if","locations":[{"start":{"line":119,"column":8},"end":{"line":119,"column":8}},{"start":{"line":119,"column":8},"end":{"line":119,"column":8}}]}}}}