{"contracts/Enable.sol":{"l":{"18":70,"19":64,"26":1,"33":1},"path":"/home/zhangk/Documents/github/cpchain-dapps-like/contracts/Enable.sol","s":{"1":70,"2":1,"3":1},"b":{"1":[64,6]},"f":{"1":70,"2":1,"3":1},"fnMap":{"1":{"name":"onlyEnabled","line":17,"loc":{"start":{"line":17,"column":4},"end":{"line":20,"column":4}}},"2":{"name":"enableContract","line":25,"loc":{"start":{"line":25,"column":4},"end":{"line":27,"column":4}}},"3":{"name":"disableContract","line":32,"loc":{"start":{"line":32,"column":4},"end":{"line":34,"column":4}}}},"statementMap":{"1":{"start":{"line":18,"column":8},"end":{"line":18,"column":23}},"2":{"start":{"line":26,"column":8},"end":{"line":26,"column":21}},"3":{"start":{"line":33,"column":8},"end":{"line":33,"column":22}}},"branchMap":{"1":{"line":18,"type":"if","locations":[{"start":{"line":18,"column":8},"end":{"line":18,"column":8}},{"start":{"line":18,"column":8},"end":{"line":18,"column":8}}]}}},"contracts/Like.sol":{"l":{"27":4,"28":2,"32":29,"33":21,"42":4,"43":2,"47":1,"51":1,"55":6,"56":4,"57":4,"70":25,"71":25,"72":1,"74":24,"82":1,"83":1,"87":1,"88":1,"97":14,"98":12,"99":12,"100":12,"101":10,"102":10,"105":12,"106":9,"107":9,"110":12,"114":7,"115":7,"116":7,"117":6,"118":6,"119":6},"path":"/home/zhangk/Documents/github/cpchain-dapps-like/contracts/Like.sol","s":{"1":4,"2":29,"3":4,"4":2,"5":1,"6":1,"7":6,"8":4,"9":4,"10":25,"11":25,"12":1,"13":24,"14":1,"15":1,"16":1,"17":1,"18":14,"19":12,"20":12,"21":12,"22":10,"23":12,"24":9,"25":9,"26":12,"27":7,"28":7,"29":7,"30":6,"31":6},"b":{"1":[2,2],"2":[21,8],"3":[2,2],"4":[4,2],"5":[1,24],"6":[12,2],"7":[10,2],"8":[9,3],"9":[6,1]},"f":{"1":4,"2":29,"3":4,"4":1,"5":1,"6":6,"7":25,"8":1,"9":1,"10":14,"11":7},"fnMap":{"1":{"name":"onlyAuthor","line":26,"loc":{"start":{"line":26,"column":4},"end":{"line":29,"column":4}}},"2":{"name":"onlyActivated","line":31,"loc":{"start":{"line":31,"column":4},"end":{"line":34,"column":4}}},"3":{"name":"setMaxDonationLimit","line":41,"loc":{"start":{"line":41,"column":4},"end":{"line":44,"column":4}}},"4":{"name":"disableLinkByAdmin","line":46,"loc":{"start":{"line":46,"column":4},"end":{"line":48,"column":4}}},"5":{"name":"enableLinkByAdmin","line":50,"loc":{"start":{"line":50,"column":4},"end":{"line":52,"column":4}}},"6":{"name":"registerLink","line":54,"loc":{"start":{"line":54,"column":4},"end":{"line":58,"column":4}}},"7":{"name":"getOwnerFromUrl","line":63,"loc":{"start":{"line":60,"column":4},"end":{"line":75,"column":4}}},"8":{"name":"unregisterLink","line":80,"loc":{"start":{"line":77,"column":4},"end":{"line":84,"column":4}}},"9":{"name":"recoverLink","line":86,"loc":{"start":{"line":86,"column":4},"end":{"line":89,"column":4}}},"10":{"name":"likeLink","line":95,"loc":{"start":{"line":91,"column":4},"end":{"line":111,"column":4}}},"11":{"name":"dislike","line":113,"loc":{"start":{"line":113,"column":4},"end":{"line":121,"column":4}}}},"statementMap":{"1":{"start":{"line":27,"column":8},"end":{"line":27,"column":53}},"2":{"start":{"line":32,"column":8},"end":{"line":32,"column":70}},"3":{"start":{"line":42,"column":8},"end":{"line":42,"column":32}},"4":{"start":{"line":43,"column":8},"end":{"line":43,"column":31}},"5":{"start":{"line":47,"column":8},"end":{"line":47,"column":38}},"6":{"start":{"line":51,"column":8},"end":{"line":51,"column":39}},"7":{"start":{"line":55,"column":8},"end":{"line":55,"column":53}},"8":{"start":{"line":56,"column":8},"end":{"line":56,"column":43}},"9":{"start":{"line":57,"column":8},"end":{"line":57,"column":33}},"10":{"start":{"line":70,"column":8},"end":{"line":70,"column":44}},"11":{"start":{"line":71,"column":8},"end":{"line":71,"column":1901}},"12":{"start":{"line":72,"column":12},"end":{"line":72,"column":37}},"13":{"start":{"line":74,"column":8},"end":{"line":74,"column":65}},"14":{"start":{"line":82,"column":8},"end":{"line":82,"column":38}},"15":{"start":{"line":83,"column":8},"end":{"line":83,"column":28}},"16":{"start":{"line":87,"column":8},"end":{"line":87,"column":39}},"17":{"start":{"line":88,"column":8},"end":{"line":88,"column":29}},"18":{"start":{"line":97,"column":8},"end":{"line":97,"column":45}},"19":{"start":{"line":98,"column":8},"end":{"line":98,"column":44}},"20":{"start":{"line":99,"column":8},"end":{"line":99,"column":50}},"21":{"start":{"line":100,"column":8},"end":{"line":100,"column":2674}},"22":{"start":{"line":102,"column":12},"end":{"line":102,"column":47}},"23":{"start":{"line":105,"column":8},"end":{"line":105,"column":2787}},"24":{"start":{"line":106,"column":12},"end":{"line":106,"column":42}},"25":{"start":{"line":107,"column":12},"end":{"line":107,"column":43}},"26":{"start":{"line":110,"column":8},"end":{"line":110,"column":37}},"27":{"start":{"line":114,"column":8},"end":{"line":114,"column":44}},"28":{"start":{"line":115,"column":8},"end":{"line":115,"column":50}},"29":{"start":{"line":116,"column":8},"end":{"line":116,"column":3142}},"30":{"start":{"line":118,"column":12},"end":{"line":118,"column":48}},"31":{"start":{"line":119,"column":12},"end":{"line":119,"column":29}}},"branchMap":{"1":{"line":27,"type":"if","locations":[{"start":{"line":27,"column":8},"end":{"line":27,"column":8}},{"start":{"line":27,"column":8},"end":{"line":27,"column":8}}]},"2":{"line":32,"type":"if","locations":[{"start":{"line":32,"column":8},"end":{"line":32,"column":8}},{"start":{"line":32,"column":8},"end":{"line":32,"column":8}}]},"3":{"line":42,"type":"if","locations":[{"start":{"line":42,"column":8},"end":{"line":42,"column":8}},{"start":{"line":42,"column":8},"end":{"line":42,"column":8}}]},"4":{"line":55,"type":"if","locations":[{"start":{"line":55,"column":8},"end":{"line":55,"column":8}},{"start":{"line":55,"column":8},"end":{"line":55,"column":8}}]},"5":{"line":71,"type":"if","locations":[{"start":{"line":71,"column":8},"end":{"line":71,"column":8}},{"start":{"line":71,"column":8},"end":{"line":71,"column":8}}]},"6":{"line":97,"type":"if","locations":[{"start":{"line":97,"column":8},"end":{"line":97,"column":8}},{"start":{"line":97,"column":8},"end":{"line":97,"column":8}}]},"7":{"line":100,"type":"if","locations":[{"start":{"line":100,"column":8},"end":{"line":100,"column":8}},{"start":{"line":100,"column":8},"end":{"line":100,"column":8}}]},"8":{"line":105,"type":"if","locations":[{"start":{"line":105,"column":8},"end":{"line":105,"column":8}},{"start":{"line":105,"column":8},"end":{"line":105,"column":8}}]},"9":{"line":116,"type":"if","locations":[{"start":{"line":116,"column":8},"end":{"line":116,"column":8}},{"start":{"line":116,"column":8},"end":{"line":116,"column":8}}]}}},"contracts/Ownable.sol":{"l":{"22":3,"29":18,"30":12,"37":4,"38":2,"39":2},"path":"/home/zhangk/Documents/github/cpchain-dapps-like/contracts/Ownable.sol","s":{"1":3,"2":18,"3":4,"4":2,"5":2},"b":{"1":[12,6],"2":[2,2]},"f":{"1":3,"2":18,"3":4},"fnMap":{"1":{"name":"constructor","line":21,"loc":{"start":{"line":21,"column":4},"end":{"line":23,"column":4}}},"2":{"name":"onlyOwner","line":28,"loc":{"start":{"line":28,"column":4},"end":{"line":31,"column":4}}},"3":{"name":"transferOwnership","line":36,"loc":{"start":{"line":36,"column":4},"end":{"line":40,"column":4}}}},"statementMap":{"1":{"start":{"line":22,"column":8},"end":{"line":22,"column":25}},"2":{"start":{"line":29,"column":8},"end":{"line":29,"column":35}},"3":{"start":{"line":37,"column":8},"end":{"line":37,"column":38}},"4":{"start":{"line":38,"column":8},"end":{"line":38,"column":50}},"5":{"start":{"line":39,"column":8},"end":{"line":39,"column":23}}},"branchMap":{"1":{"line":29,"type":"if","locations":[{"start":{"line":29,"column":8},"end":{"line":29,"column":8}},{"start":{"line":29,"column":8},"end":{"line":29,"column":8}}]},"2":{"line":37,"type":"if","locations":[{"start":{"line":37,"column":8},"end":{"line":37,"column":8}},{"start":{"line":37,"column":8},"end":{"line":37,"column":8}}]}}}}